[ 2016-05-28T10:57:57+08:00 ] 127.0.0.1 /Learning-ThinkPHP/shop/index.php/index
INFO: [ app_init ] --START--
INFO: Run Behavior\BuildLiteBehavior [ RunTime:0.000011s ]
INFO: [ app_init ] --END-- [ RunTime:0.000266s ]
ERR: 无法加载模块:Index

[ 2016-05-28T10:58:54+08:00 ] 127.0.0.1 /Learning-ThinkPHP/shop/index.php/index
INFO: [ app_init ] --START--
INFO: Run Behavior\BuildLiteBehavior [ RunTime:0.000010s ]
INFO: [ app_init ] --END-- [ RunTime:0.000279s ]
ERR: 无法加载模块:Index

[ 2016-05-28T10:58:55+08:00 ] 127.0.0.1 /Learning-ThinkPHP/shop/index.php/index
INFO: [ app_init ] --START--
INFO: Run Behavior\BuildLiteBehavior [ RunTime:0.000009s ]
INFO: [ app_init ] --END-- [ RunTime:0.000208s ]
ERR: 无法加载模块:Index

[ 2016-05-28T10:58:56+08:00 ] 127.0.0.1 /Learning-ThinkPHP/shop/index.php/index
INFO: [ app_init ] --START--
INFO: Run Behavior\BuildLiteBehavior [ RunTime:0.000010s ]
INFO: [ app_init ] --END-- [ RunTime:0.000237s ]
ERR: 无法加载模块:Index

[ 2016-05-28T10:59:02+08:00 ] 127.0.0.1 /Learning-ThinkPHP/shop/index.php/index
INFO: [ app_init ] --START--
INFO: Run Behavior\BuildLiteBehavior [ RunTime:0.000013s ]
INFO: [ app_init ] --END-- [ RunTime:0.000403s ]
ERR: 无法加载模块:Index

[ 2016-05-28T10:59:03+08:00 ] 127.0.0.1 /Learning-ThinkPHP/shop/index.php/index
INFO: [ app_init ] --START--
INFO: Run Behavior\BuildLiteBehavior [ RunTime:0.000011s ]
INFO: [ app_init ] --END-- [ RunTime:0.000219s ]
ERR: 无法加载模块:Index

[ 2016-05-28T10:59:03+08:00 ] 127.0.0.1 /Learning-ThinkPHP/shop/index.php/index
INFO: [ app_init ] --START--
INFO: Run Behavior\BuildLiteBehavior [ RunTime:0.000009s ]
INFO: [ app_init ] --END-- [ RunTime:0.000211s ]
ERR: 无法加载模块:Index

[ 2016-05-28T10:59:04+08:00 ] 127.0.0.1 /Learning-ThinkPHP/shop/index.php/index
INFO: [ app_init ] --START--
INFO: Run Behavior\BuildLiteBehavior [ RunTime:0.000008s ]
INFO: [ app_init ] --END-- [ RunTime:0.000220s ]
ERR: 无法加载模块:Index

[ 2016-05-28T10:59:19+08:00 ] 127.0.0.1 /Learning-ThinkPHP/shop/index.php/index
INFO: [ app_init ] --START--
INFO: Run Behavior\BuildLiteBehavior [ RunTime:0.000008s ]
INFO: [ app_init ] --END-- [ RunTime:0.000238s ]
ERR: 无法加载模块:Index

[ 2016-05-28T10:59:19+08:00 ] 127.0.0.1 /Learning-ThinkPHP/shop/index.php/index
INFO: [ app_init ] --START--
INFO: Run Behavior\BuildLiteBehavior [ RunTime:0.000013s ]
INFO: [ app_init ] --END-- [ RunTime:0.000298s ]
ERR: 无法加载模块:Index

[ 2016-05-28T10:59:23+08:00 ] 127.0.0.1 /Learning-ThinkPHP/shop/index.php/index
INFO: [ app_init ] --START--
INFO: Run Behavior\BuildLiteBehavior [ RunTime:0.000009s ]
INFO: [ app_init ] --END-- [ RunTime:0.000209s ]
ERR: 无法加载模块:Index

[ 2016-05-28T13:07:44+08:00 ] 127.0.0.1 /Learning-ThinkPHP/shop/index.php/index
INFO: [ app_init ] --START--
INFO: Run Behavior\BuildLiteBehavior [ RunTime:0.000009s ]
INFO: [ app_init ] --END-- [ RunTime:0.000226s ]
ERR: 无法加载模块:Index

[ 2016-05-28T13:07:46+08:00 ] 127.0.0.1 /Learning-ThinkPHP/shop/index.php/index
INFO: [ app_init ] --START--
INFO: Run Behavior\BuildLiteBehavior [ RunTime:0.000009s ]
INFO: [ app_init ] --END-- [ RunTime:0.000194s ]
ERR: 无法加载模块:Index

[ 2016-05-28T13:07:55+08:00 ] 127.0.0.1 /Learning-ThinkPHP/shop/index.php/index
INFO: [ app_init ] --START--
INFO: Run Behavior\BuildLiteBehavior [ RunTime:0.000012s ]
INFO: [ app_init ] --END-- [ RunTime:0.000272s ]
ERR: 无法加载模块:Index

[ 2016-05-28T13:07:57+08:00 ] 127.0.0.1 /Learning-ThinkPHP/shop/index.php/index
INFO: [ app_init ] --START--
INFO: Run Behavior\BuildLiteBehavior [ RunTime:0.000010s ]
INFO: [ app_init ] --END-- [ RunTime:0.000203s ]
ERR: 无法加载模块:Index

[ 2016-05-28T13:09:04+08:00 ] 127.0.0.1 /Learning-ThinkPHP/shop/index.php/head.html
INFO: [ app_init ] --START--
INFO: Run Behavior\BuildLiteBehavior [ RunTime:0.000014s ]
INFO: [ app_init ] --END-- [ RunTime:0.000313s ]
ERR: 无法加载模块:Head

[ 2016-05-28T13:09:04+08:00 ] 127.0.0.1 /Learning-ThinkPHP/shop/index.php/left.html
INFO: [ app_init ] --START--
INFO: Run Behavior\BuildLiteBehavior [ RunTime:0.000017s ]
INFO: [ app_init ] --END-- [ RunTime:0.000356s ]
ERR: 无法加载模块:Left

[ 2016-05-28T13:09:04+08:00 ] 127.0.0.1 /Learning-ThinkPHP/shop/index.php/right.html
INFO: [ app_init ] --START--
INFO: Run Behavior\BuildLiteBehavior [ RunTime:0.000015s ]
INFO: [ app_init ] --END-- [ RunTime:0.000344s ]
ERR: 无法加载模块:Right

[ 2016-05-28T14:30:07+08:00 ] 127.0.0.1 /Learning-ThinkPHP/shop/index.php/index
ERR: 无法加载模块:Index

[ 2016-05-28T14:30:11+08:00 ] 127.0.0.1 /Learning-ThinkPHP/shop/index.php/index
ERR: 无法加载模块:Index

[ 2016-05-28T14:30:14+08:00 ] 127.0.0.1 /Learning-ThinkPHP/shop/index.php/user/login
ERR: 无法加载模块:User

