[ 2016-05-31T09:57:00+08:00 ] 127.0.0.1 /Learning-ThinkPHP/shop/index.php/Admin/Goods/
ERR: 非法操作:index

[ 2016-05-31T10:10:57+08:00 ] 127.0.0.1 /Learning-ThinkPHP/shop/index.php/Admin/Goods/
ERR: 非法操作:index

[ 2016-05-31T10:44:05+08:00 ] 127.0.0.1 /Learning-ThinkPHP/shop/index.php/Admin/Goods/
ERR: 非法操作:index

[ 2016-05-31T10:44:06+08:00 ] 127.0.0.1 /Learning-ThinkPHP/shop/index.php/Admin/Index/head.html
INFO: [ view_parse ] --START--
INFO: Run Behavior\ParseTemplateBehavior [ RunTime:0.005049s ]
INFO: [ view_parse ] --END-- [ RunTime:0.005237s ]
INFO: [ view_filter ] --START--
INFO: Run Behavior\WriteHtmlCacheBehavior [ RunTime:0.000116s ]
INFO: [ view_filter ] --END-- [ RunTime:0.000138s ]
INFO: [ app_end ] --START--
INFO: Run Behavior\ShowPageTraceBehavior [ RunTime:0.000283s ]
INFO: [ app_end ] --END-- [ RunTime:0.000306s ]

[ 2016-05-31T10:47:44+08:00 ] 127.0.0.1 /Learning-ThinkPHP/shop/index.php/Admin/Index/head.html
INFO: [ view_parse ] --START--
INFO: Run Behavior\ParseTemplateBehavior [ RunTime:0.005660s ]
INFO: [ view_parse ] --END-- [ RunTime:0.006002s ]
INFO: [ view_filter ] --START--
INFO: Run Behavior\WriteHtmlCacheBehavior [ RunTime:0.000217s ]
INFO: [ view_filter ] --END-- [ RunTime:0.000287s ]
INFO: [ app_end ] --START--
INFO: Run Behavior\ShowPageTraceBehavior [ RunTime:0.000553s ]
INFO: [ app_end ] --END-- [ RunTime:0.000626s ]

[ 2016-05-31T10:58:03+08:00 ] 127.0.0.1 /Learning-ThinkPHP/shop/index.php/Admin/Index/head.html
INFO: [ view_parse ] --START--
INFO: Run Behavior\ParseTemplateBehavior [ RunTime:0.019534s ]
INFO: [ view_parse ] --END-- [ RunTime:0.019750s ]
INFO: [ view_filter ] --START--
INFO: Run Behavior\WriteHtmlCacheBehavior [ RunTime:0.000293s ]
INFO: [ view_filter ] --END-- [ RunTime:0.000345s ]
INFO: [ app_end ] --START--
INFO: Run Behavior\ShowPageTraceBehavior [ RunTime:0.000361s ]
INFO: [ app_end ] --END-- [ RunTime:0.000402s ]

[ 2016-05-31T10:58:04+08:00 ] 127.0.0.1 /Learning-ThinkPHP/shop/index.php/Admin/Index/head.html
INFO: [ view_parse ] --START--
INFO: Run Behavior\ParseTemplateBehavior [ RunTime:0.008568s ]
INFO: [ view_parse ] --END-- [ RunTime:0.008854s ]
INFO: [ view_filter ] --START--
INFO: Run Behavior\WriteHtmlCacheBehavior [ RunTime:0.000150s ]
INFO: [ view_filter ] --END-- [ RunTime:0.000202s ]
INFO: [ app_end ] --START--
INFO: Run Behavior\ShowPageTraceBehavior [ RunTime:0.000402s ]
INFO: [ app_end ] --END-- [ RunTime:0.000438s ]

[ 2016-05-31T10:58:05+08:00 ] 127.0.0.1 /Learning-ThinkPHP/shop/index.php/Admin/Index/head.html
INFO: [ view_parse ] --START--
INFO: Run Behavior\ParseTemplateBehavior [ RunTime:0.010747s ]
INFO: [ view_parse ] --END-- [ RunTime:0.011074s ]
INFO: [ view_filter ] --START--
INFO: Run Behavior\WriteHtmlCacheBehavior [ RunTime:0.000145s ]
INFO: [ view_filter ] --END-- [ RunTime:0.000186s ]
INFO: [ app_end ] --START--
INFO: Run Behavior\ShowPageTraceBehavior [ RunTime:0.000443s ]
INFO: [ app_end ] --END-- [ RunTime:0.000484s ]

[ 2016-05-31T10:58:06+08:00 ] 127.0.0.1 /Learning-ThinkPHP/shop/index.php/Admin/Index/head.html
INFO: [ view_parse ] --START--
INFO: Run Behavior\ParseTemplateBehavior [ RunTime:0.004833s ]
INFO: [ view_parse ] --END-- [ RunTime:0.005022s ]
INFO: [ view_filter ] --START--
INFO: Run Behavior\WriteHtmlCacheBehavior [ RunTime:0.000092s ]
INFO: [ view_filter ] --END-- [ RunTime:0.000114s ]
INFO: [ app_end ] --START--
INFO: Run Behavior\ShowPageTraceBehavior [ RunTime:0.000263s ]
INFO: [ app_end ] --END-- [ RunTime:0.000286s ]

[ 2016-05-31T10:58:35+08:00 ] 127.0.0.1 /Learning-ThinkPHP/shop/index.php/Admin/Index/head.html
INFO: [ view_parse ] --START--
INFO: Run Behavior\ParseTemplateBehavior [ RunTime:0.012682s ]
INFO: [ view_parse ] --END-- [ RunTime:0.013286s ]
INFO: [ view_filter ] --START--
INFO: Run Behavior\WriteHtmlCacheBehavior [ RunTime:0.000097s ]
INFO: [ view_filter ] --END-- [ RunTime:0.000120s ]
INFO: [ app_end ] --START--
INFO: Run Behavior\ShowPageTraceBehavior [ RunTime:0.000289s ]
INFO: [ app_end ] --END-- [ RunTime:0.000313s ]

