[ 2016-06-01T09:10:04+08:00 ] 127.0.0.1 /Learning-ThinkPHP/shop/index.php/Admin/Index/head.html
INFO: [ view_parse ] --START--
INFO: Run Behavior\ParseTemplateBehavior [ RunTime:0.011621s ]
INFO: [ view_parse ] --END-- [ RunTime:0.012027s ]
INFO: [ view_filter ] --START--
INFO: Run Behavior\WriteHtmlCacheBehavior [ RunTime:0.000176s ]
INFO: [ view_filter ] --END-- [ RunTime:0.000214s ]
INFO: [ app_end ] --START--
INFO: Run Behavior\ShowPageTraceBehavior [ RunTime:0.000532s ]
INFO: [ app_end ] --END-- [ RunTime:0.000579s ]

[ 2016-06-01T09:20:54+08:00 ] 127.0.0.1 /Learning-ThinkPHP/shop/index.php/Admin/Index/head.html
INFO: [ view_parse ] --START--
INFO: Run Behavior\ParseTemplateBehavior [ RunTime:0.007323s ]
INFO: [ view_parse ] --END-- [ RunTime:0.007811s ]
INFO: [ view_filter ] --START--
INFO: Run Behavior\WriteHtmlCacheBehavior [ RunTime:0.000095s ]
INFO: [ view_filter ] --END-- [ RunTime:0.000118s ]
INFO: [ app_end ] --START--
INFO: Run Behavior\ShowPageTraceBehavior [ RunTime:0.000273s ]
INFO: [ app_end ] --END-- [ RunTime:0.000297s ]

[ 2016-06-01T09:26:17+08:00 ] 127.0.0.1 /Learning-ThinkPHP/shop/index.php/Admin/Index/head.html
INFO: [ view_parse ] --START--
INFO: Run Behavior\ParseTemplateBehavior [ RunTime:0.007635s ]
INFO: [ view_parse ] --END-- [ RunTime:0.008166s ]
INFO: [ view_filter ] --START--
INFO: Run Behavior\WriteHtmlCacheBehavior [ RunTime:0.000101s ]
INFO: [ view_filter ] --END-- [ RunTime:0.000126s ]
INFO: [ app_end ] --START--
INFO: Run Behavior\ShowPageTraceBehavior [ RunTime:0.000276s ]
INFO: [ app_end ] --END-- [ RunTime:0.000301s ]

[ 2016-06-01T09:26:27+08:00 ] 127.0.0.1 /Learning-ThinkPHP/shop/index.php/Admin/Index/head.html
INFO: [ view_parse ] --START--
INFO: Run Behavior\ParseTemplateBehavior [ RunTime:0.004922s ]
INFO: [ view_parse ] --END-- [ RunTime:0.005192s ]
INFO: [ view_filter ] --START--
INFO: Run Behavior\WriteHtmlCacheBehavior [ RunTime:0.000090s ]
INFO: [ view_filter ] --END-- [ RunTime:0.000113s ]
INFO: [ app_end ] --START--
INFO: Run Behavior\ShowPageTraceBehavior [ RunTime:0.000269s ]
INFO: [ app_end ] --END-- [ RunTime:0.000293s ]

[ 2016-06-01T09:26:28+08:00 ] 127.0.0.1 /Learning-ThinkPHP/shop/index.php/Admin/Index/head.html
INFO: [ view_parse ] --START--
INFO: Run Behavior\ParseTemplateBehavior [ RunTime:0.011653s ]
INFO: [ view_parse ] --END-- [ RunTime:0.012107s ]
INFO: [ view_filter ] --START--
INFO: Run Behavior\WriteHtmlCacheBehavior [ RunTime:0.000196s ]
INFO: [ view_filter ] --END-- [ RunTime:0.000234s ]
INFO: [ app_end ] --START--
INFO: Run Behavior\ShowPageTraceBehavior [ RunTime:0.000732s ]
INFO: [ app_end ] --END-- [ RunTime:0.000831s ]

[ 2016-06-01T09:26:28+08:00 ] 127.0.0.1 /Learning-ThinkPHP/shop/index.php/Admin/Index/head.html
INFO: [ view_parse ] --START--
INFO: Run Behavior\ParseTemplateBehavior [ RunTime:0.004934s ]
INFO: [ view_parse ] --END-- [ RunTime:0.005204s ]
INFO: [ view_filter ] --START--
INFO: Run Behavior\WriteHtmlCacheBehavior [ RunTime:0.000095s ]
INFO: [ view_filter ] --END-- [ RunTime:0.000118s ]
INFO: [ app_end ] --START--
INFO: Run Behavior\ShowPageTraceBehavior [ RunTime:0.000270s ]
INFO: [ app_end ] --END-- [ RunTime:0.000294s ]

[ 2016-06-01T09:26:31+08:00 ] 127.0.0.1 /Learning-ThinkPHP/shop/index.php/Admin/Index/head.html
INFO: [ view_parse ] --START--
INFO: Run Behavior\ParseTemplateBehavior [ RunTime:0.004835s ]
INFO: [ view_parse ] --END-- [ RunTime:0.005085s ]
INFO: [ view_filter ] --START--
INFO: Run Behavior\WriteHtmlCacheBehavior [ RunTime:0.000091s ]
INFO: [ view_filter ] --END-- [ RunTime:0.000113s ]
INFO: [ app_end ] --START--
INFO: Run Behavior\ShowPageTraceBehavior [ RunTime:0.000270s ]
INFO: [ app_end ] --END-- [ RunTime:0.000294s ]

[ 2016-06-01T09:26:34+08:00 ] 127.0.0.1 /Learning-ThinkPHP/shop/index.php/Admin/Index/head.html
INFO: [ view_parse ] --START--
INFO: Run Behavior\ParseTemplateBehavior [ RunTime:0.004949s ]
INFO: [ view_parse ] --END-- [ RunTime:0.005218s ]
INFO: [ view_filter ] --START--
INFO: Run Behavior\WriteHtmlCacheBehavior [ RunTime:0.000091s ]
INFO: [ view_filter ] --END-- [ RunTime:0.000113s ]
INFO: [ app_end ] --START--
INFO: Run Behavior\ShowPageTraceBehavior [ RunTime:0.000270s ]
INFO: [ app_end ] --END-- [ RunTime:0.000295s ]

[ 2016-06-01T09:26:37+08:00 ] 127.0.0.1 /Learning-ThinkPHP/shop/index.php/Admin/Index/head.html
INFO: [ view_parse ] --START--
INFO: Run Behavior\ParseTemplateBehavior [ RunTime:0.004879s ]
INFO: [ view_parse ] --END-- [ RunTime:0.005147s ]
INFO: [ view_filter ] --START--
INFO: Run Behavior\WriteHtmlCacheBehavior [ RunTime:0.000093s ]
INFO: [ view_filter ] --END-- [ RunTime:0.000116s ]
INFO: [ app_end ] --START--
INFO: Run Behavior\ShowPageTraceBehavior [ RunTime:0.000269s ]
INFO: [ app_end ] --END-- [ RunTime:0.000294s ]

[ 2016-06-01T09:26:45+08:00 ] 127.0.0.1 /Learning-ThinkPHP/shop/index.php/Admin/Index/head.html
INFO: [ view_parse ] --START--
INFO: Run Behavior\ParseTemplateBehavior [ RunTime:0.006190s ]
INFO: [ view_parse ] --END-- [ RunTime:0.006573s ]
INFO: [ view_filter ] --START--
INFO: Run Behavior\WriteHtmlCacheBehavior [ RunTime:0.000115s ]
INFO: [ view_filter ] --END-- [ RunTime:0.000138s ]
INFO: [ app_end ] --START--
INFO: Run Behavior\ShowPageTraceBehavior [ RunTime:0.000442s ]
INFO: [ app_end ] --END-- [ RunTime:0.000496s ]

[ 2016-06-01T09:32:52+08:00 ] 127.0.0.1 /Learning-ThinkPHP/shop/index.php/Admin/Index/head.html
INFO: [ view_parse ] --START--
INFO: Run Behavior\ParseTemplateBehavior [ RunTime:0.008856s ]
INFO: [ view_parse ] --END-- [ RunTime:0.009173s ]
INFO: [ view_filter ] --START--
INFO: Run Behavior\WriteHtmlCacheBehavior [ RunTime:0.000109s ]
INFO: [ view_filter ] --END-- [ RunTime:0.000133s ]
INFO: [ app_end ] --START--
INFO: Run Behavior\ShowPageTraceBehavior [ RunTime:0.000392s ]
INFO: [ app_end ] --END-- [ RunTime:0.000418s ]

[ 2016-06-01T09:32:52+08:00 ] 127.0.0.1 /Learning-ThinkPHP/shop/index.php/Admin/Index/head.html
INFO: [ view_parse ] --START--
INFO: Run Behavior\ParseTemplateBehavior [ RunTime:0.008692s ]
INFO: [ view_parse ] --END-- [ RunTime:0.009196s ]
INFO: [ view_filter ] --START--
INFO: Run Behavior\WriteHtmlCacheBehavior [ RunTime:0.000227s ]
INFO: [ view_filter ] --END-- [ RunTime:0.000316s ]
INFO: [ app_end ] --START--
INFO: Run Behavior\ShowPageTraceBehavior [ RunTime:0.000639s ]
INFO: [ app_end ] --END-- [ RunTime:0.000687s ]

[ 2016-06-01T09:33:39+08:00 ] 127.0.0.1 /Learning-ThinkPHP/shop/index.php/Admin/Index/head.html
INFO: [ view_parse ] --START--
INFO: Run Behavior\ParseTemplateBehavior [ RunTime:0.008922s ]
INFO: [ view_parse ] --END-- [ RunTime:0.009300s ]
INFO: [ view_filter ] --START--
INFO: Run Behavior\WriteHtmlCacheBehavior [ RunTime:0.000208s ]
INFO: [ view_filter ] --END-- [ RunTime:0.000254s ]
INFO: [ app_end ] --START--
INFO: Run Behavior\ShowPageTraceBehavior [ RunTime:0.000609s ]
INFO: [ app_end ] --END-- [ RunTime:0.000646s ]

[ 2016-06-01T09:34:48+08:00 ] 127.0.0.1 /Learning-ThinkPHP/shop/index.php/Admin/Goods/search
ERR: 非法操作:search

[ 2016-06-01T09:37:02+08:00 ] 127.0.0.1 /Learning-ThinkPHP/shop/index.php/Admin/Role/fenpei/role_id/100
ERR: Think\Model:excute方法不存在！

[ 2016-06-01T09:43:02+08:00 ] 127.0.0.1 /Learning-ThinkPHP/shop/index.php/Admin/Index/head.html
INFO: [ view_parse ] --START--
INFO: Run Behavior\ParseTemplateBehavior [ RunTime:0.009041s ]
INFO: [ view_parse ] --END-- [ RunTime:0.009626s ]
INFO: [ view_filter ] --START--
INFO: Run Behavior\WriteHtmlCacheBehavior [ RunTime:0.000224s ]
INFO: [ view_filter ] --END-- [ RunTime:0.000268s ]
INFO: [ app_end ] --START--
INFO: Run Behavior\ShowPageTraceBehavior [ RunTime:0.000923s ]
INFO: [ app_end ] --END-- [ RunTime:0.001087s ]

[ 2016-06-01T09:51:32+08:00 ] 127.0.0.1 /Learning-ThinkPHP/shop/index.php/Admin/Index/head.html
INFO: [ view_parse ] --START--
INFO: Run Behavior\ParseTemplateBehavior [ RunTime:0.009673s ]
INFO: [ view_parse ] --END-- [ RunTime:0.010402s ]
INFO: [ view_filter ] --START--
INFO: Run Behavior\WriteHtmlCacheBehavior [ RunTime:0.000098s ]
INFO: [ view_filter ] --END-- [ RunTime:0.000121s ]
INFO: [ app_end ] --START--
INFO: Run Behavior\ShowPageTraceBehavior [ RunTime:0.000275s ]
INFO: [ app_end ] --END-- [ RunTime:0.000299s ]

[ 2016-06-01T09:58:20+08:00 ] 127.0.0.1 /Learning-ThinkPHP/shop/index.php/Admin/Manager/show
ERR: 非法操作:show

[ 2016-06-01T10:08:06+08:00 ] 127.0.0.1 /Learning-ThinkPHP/shop/index.php/Admin/Index/head.html
INFO: [ view_parse ] --START--
INFO: Run Behavior\ParseTemplateBehavior [ RunTime:0.004940s ]
INFO: [ view_parse ] --END-- [ RunTime:0.005218s ]
INFO: [ view_filter ] --START--
INFO: Run Behavior\WriteHtmlCacheBehavior [ RunTime:0.000094s ]
INFO: [ view_filter ] --END-- [ RunTime:0.000116s ]
INFO: [ app_end ] --START--
INFO: Run Behavior\ShowPageTraceBehavior [ RunTime:0.000269s ]
INFO: [ app_end ] --END-- [ RunTime:0.000293s ]

[ 2016-06-01T10:08:07+08:00 ] 127.0.0.1 /Learning-ThinkPHP/shop/index.php/Admin/Index/head.html
INFO: [ view_parse ] --START--
INFO: Run Behavior\ParseTemplateBehavior [ RunTime:0.004802s ]
INFO: [ view_parse ] --END-- [ RunTime:0.005044s ]
INFO: [ view_filter ] --START--
INFO: Run Behavior\WriteHtmlCacheBehavior [ RunTime:0.000094s ]
INFO: [ view_filter ] --END-- [ RunTime:0.000117s ]
INFO: [ app_end ] --START--
INFO: Run Behavior\ShowPageTraceBehavior [ RunTime:0.000266s ]
INFO: [ app_end ] --END-- [ RunTime:0.000289s ]

[ 2016-06-01T10:08:08+08:00 ] 127.0.0.1 /Learning-ThinkPHP/shop/index.php/Admin/Index/head.html
INFO: [ view_parse ] --START--
INFO: Run Behavior\ParseTemplateBehavior [ RunTime:0.008059s ]
INFO: [ view_parse ] --END-- [ RunTime:0.008300s ]
INFO: [ view_filter ] --START--
INFO: Run Behavior\WriteHtmlCacheBehavior [ RunTime:0.000098s ]
INFO: [ view_filter ] --END-- [ RunTime:0.000122s ]
INFO: [ app_end ] --START--
INFO: Run Behavior\ShowPageTraceBehavior [ RunTime:0.000278s ]
INFO: [ app_end ] --END-- [ RunTime:0.000301s ]

[ 2016-06-01T10:30:00+08:00 ] 127.0.0.1 /Learning-ThinkPHP/shop/index.php/Admin/Role/add
ERR: Think\Model:excute方法不存在！

[ 2016-06-01T10:30:58+08:00 ] 127.0.0.1 /Learning-ThinkPHP/shop/index.php/Admin/Index/head.html
INFO: [ view_parse ] --START--
INFO: Run Behavior\ParseTemplateBehavior [ RunTime:0.015577s ]
INFO: [ view_parse ] --END-- [ RunTime:0.015843s ]
INFO: [ view_filter ] --START--
INFO: Run Behavior\WriteHtmlCacheBehavior [ RunTime:0.000257s ]
INFO: [ view_filter ] --END-- [ RunTime:0.000314s ]
INFO: [ app_end ] --START--
INFO: Run Behavior\ShowPageTraceBehavior [ RunTime:0.000493s ]
INFO: [ app_end ] --END-- [ RunTime:0.000539s ]

[ 2016-06-01T10:31:06+08:00 ] 127.0.0.1 /Learning-ThinkPHP/shop/index.php/Admin/Role/fenpei/role_id/100
ERR: Think\Model:excute方法不存在！

